<?xml version="1.0" encoding="UTF-8"?>
<testng-results skipped="0" failed="0" total="1" passed="1">
  <reporter-output>
  </reporter-output>
  <suite name="Smoke" duration-ms="18267" started-at="2018-08-21T03:49:47Z" finished-at="2018-08-21T03:50:06Z">
    <groups>
      <group name="Regression">
        <method signature="AllTestCase.AllTest(java.lang.String, java.lang.String, java.lang.String)[pri:1, instance:TestCases.AllTestCase@1d057a39]" name="AllTest" class="TestCases.AllTestCase"/>
      </group> <!-- Regression -->
    </groups>
    <test name="Verify you can create account in E-commerce site and can share wishlist to other people using email" duration-ms="18267" started-at="2018-08-21T03:49:47Z" finished-at="2018-08-21T03:50:06Z">
      <class name="TestCases.AllTestCase">
        <test-method status="PASS" signature="AllTest(java.lang.String, java.lang.String, java.lang.String)[pri:1, instance:TestCases.AllTestCase@1d057a39]" name="AllTest" duration-ms="18247" started-at="2018-08-20T20:49:47Z" finished-at="2018-08-20T20:50:06Z">
          <params>
            <param index="0">
              <value>
                <![CDATA[ff]]>
              </value>
            </param>
            <param index="1">
              <value>
                <![CDATA[http://live.guru99.com/]]>
              </value>
            </param>
            <param index="2">
              <value>
                <![CDATA[ ]]>
              </value>
            </param>
          </params>
          <reporter-output>
          </reporter-output>
        </test-method> <!-- AllTest -->
      </class> <!-- TestCases.AllTestCase -->
    </test> <!-- Verify you can create account in E-commerce site and can share wishlist to other people using email -->
  </suite> <!-- Smoke -->
</testng-results>
