<?xml version="1.0" encoding="UTF-8"?>
<!-- Generated by org.testng.reporters.JUnitXMLReporter -->
<testsuite hostname="DJ" name="Verify you can create account in E-commerce site and can share wishlist to other people using email" tests="1" failures="0" timestamp="21 Aug 2018 03:50:06 GMT" time="18.267" errors="0">
  <testcase name="AllTest" time="18.247" classname="TestCases.AllTestCase"/>
</testsuite> <!-- Verify you can create account in E-commerce site and can share wishlist to other people using email -->
